In file included from [01m[K/home/davencyw/catkinws/dynokvis/src/okvis_ros/okvis/okvis_ceres/include/okvis/ceres/ReprojectionError.hpp:207:0[m[K,
                 from [01m[K/home/davencyw/catkinws/dynokvis/src/okvis_ros/okvis/okvis_common/include/okvis/VioBackendInterface.hpp:61[m[K,
                 from [01m[K/home/davencyw/catkinws/dynokvis/src/okvis_ros/okvis/okvis_ceres/include/okvis/Estimator.hpp:54[m[K,
                 from [01m[K/home/davencyw/catkinws/dynokvis/src/okvis_ros/okvis/okvis_ceres/src/Estimator.cpp:42[m[K:
[01m[K/home/davencyw/catkinws/dynokvis/src/okvis_ros/okvis/okvis_ceres/include/okvis/ceres/implementation/ReprojectionError.hpp:[m[K In member function â€˜[01m[Kvirtual bool okvis::ceres::ReprojectionError<GEOMETRY_TYPE>::EvaluateWithMinimalJacobians(const double* const*, double*, double**, double**) const[m[Kâ€™:
[01m[K/home/davencyw/catkinws/dynokvis/src/okvis_ros/okvis/okvis_ceres/include/okvis/ceres/implementation/ReprojectionError.hpp:145:24:[m[K [01;31m[Kerror: [m[Kâ€˜[01m[Kokvis::ceres::ReprojectionError2dBase::measurement_t {aka class Eigen::Matrix<double, 2, 1>}[m[Kâ€™ has no member named â€˜[01m[KsquareNorm[m[Kâ€™
     *residual_ = error.squareNorm();
[01;32m[K                        ^[m[K
make[2]: *** [okvis/okvis_ceres/CMakeFiles/okvis_ceres.dir/src/Estimator.cpp.o] Error 1
make[1]: *** [okvis/okvis_ceres/CMakeFiles/okvis_ceres.dir/all] Error 2
make: *** [all] Error 2
