In file included from [01m[K/home/davencyw/catkinws/dynokvis/src/okvis_ros/okvis/okvis_ceres/include/okvis/Estimator.hpp:64:0[m[K,
                 from [01m[K/home/davencyw/catkinws/dynokvis/src/okvis_ros/okvis/okvis_ceres/src/Estimator.cpp:42[m[K:
[01m[K/home/davencyw/catkinws/dynokvis/src/okvis_ros/okvis/okvis_ceres/include/okvis/dynenv/pointclassifier.hpp:14:3:[m[K [01;31m[Kerror: [m[Kdeleted function â€˜[01m[Kvirtual okvis::ceres::dynenv::Dep3::~Dep3()[m[Kâ€™
   ~Dep3() =delete;
[01;32m[K   ^[m[K
[01m[K/home/davencyw/catkinws/dynokvis/src/okvis_ros/okvis/okvis_ceres/include/okvis/dynenv/pointclassifier.hpp:9:11:[m[K [01;31m[Kerror: [m[Koverriding non-deleted function â€˜[01m[Kvirtual okvis::ceres::dynenv::Pointclassifier::~Pointclassifier()[m[Kâ€™
   virtual ~Pointclassifier() =0;
[01;32m[K           ^[m[K
make[2]: *** [okvis/okvis_ceres/CMakeFiles/okvis_ceres.dir/src/Estimator.cpp.o] Error 1
make[1]: *** [okvis/okvis_ceres/CMakeFiles/okvis_ceres.dir/all] Error 2
make: *** [all] Error 2
