In file included from [01m[K/home/davencyw/catkinws/dynokvis/src/okvis_ros/okvis/okvis_cv/include/okvis/MultiFrame.hpp:46:0[m[K,
                 from [01m[K/home/davencyw/catkinws/dynokvis/src/okvis_ros/okvis/okvis_common/include/okvis/Parameters.hpp:52[m[K,
                 from [01m[K/home/davencyw/catkinws/dynokvis/src/okvis_ros/okvis/okvis_common/src/VioInterface.cpp:46[m[K:
[01m[K/home/davencyw/catkinws/dynokvis/src/okvis_ros/okvis/okvis_cv/include/okvis/Frame.hpp:59:42:[m[K [01;31m[Kfatal error: [m[Kokvis/ceres/dynenv/cluster.hpp: No such file or directory
compilation terminated.
In file included from [01m[K/home/davencyw/catkinws/dynokvis/src/okvis_ros/okvis/okvis_cv/include/okvis/MultiFrame.hpp:46:0[m[K,
                 from [01m[K/home/davencyw/catkinws/dynokvis/src/okvis_ros/okvis/okvis_common/include/okvis/Parameters.hpp:52[m[K,
                 from [01m[K/home/davencyw/catkinws/dynokvis/src/okvis_ros/okvis/okvis_common/include/okvis/VioParametersReader.hpp:52[m[K,
                 from [01m[K/home/davencyw/catkinws/dynokvis/src/okvis_ros/okvis/okvis_common/src/VioParametersReader.cpp:53[m[K:
[01m[K/home/davencyw/catkinws/dynokvis/src/okvis_ros/okvis/okvis_cv/include/okvis/Frame.hpp:59:42:[m[K [01;31m[Kfatal error: [m[Kokvis/ceres/dynenv/cluster.hpp: No such file or directory
compilation terminated.
make[2]: *** [okvis/okvis_common/CMakeFiles/okvis_common.dir/src/VioInterface.cpp.o] Error 1
make[2]: *** Waiting for unfinished jobs....
make[2]: *** [okvis/okvis_common/CMakeFiles/okvis_common.dir/src/VioParametersReader.cpp.o] Error 1
make[1]: *** [okvis/okvis_common/CMakeFiles/okvis_common.dir/all] Error 2
make: *** [all] Error 2
