[01m[K/home/davencyw/catkinws/dynvinsmono/src/VINS-Mono/vins_estimator/src/utility/visualization.cpp:[m[K In function â€˜[01m[Kvoid pubImageFeatureClassification(const Estimator&, const Header&)[m[Kâ€™:
[01m[K/home/davencyw/catkinws/dynvinsmono/src/VINS-Mono/vins_estimator/src/utility/visualization.cpp:425:34:[m[K [01;31m[Kerror: [m[Kâ€˜[01m[KCV_8U3C[m[Kâ€™ was not declared in this scope
   img->image = cv::Mat(752, 480, [01;31m[KCV_8U3C[m[K, cv::Scalar(255, 255, 255));
                                  [01;31m[K^~~~~~~[m[K
[01m[K/home/davencyw/catkinws/dynvinsmono/src/VINS-Mono/vins_estimator/src/utility/visualization.cpp:425:34:[m[K [01;36m[Knote: [m[Ksuggested alternative: â€˜[01m[KCV_8UC[m[Kâ€™
   img->image = cv::Mat(752, 480, [01;36m[KCV_8U3C[m[K, cv::Scalar(255, 255, 255));
                                  [01;36m[K^~~~~~~[m[K
                                  [32m[KCV_8UC[m[K
make[2]: *** [CMakeFiles/libutility.dir/src/utility/visualization.cpp.o] Error 1
make[1]: *** [CMakeFiles/libutility.dir/all] Error 2
make: *** [all] Error 2
