[01m[K/home/davencyw/catkinws/dynvinsmono/src/VINS-Mono/vins_estimator/src/dynenv/cluster.cc:[m[K In member function â€˜[01m[Kstd::vector<int> DbscanCluster::regionQuery(int, double, const std::vector<std::pair<FeaturePerId*, double> >&)[m[Kâ€™:
[01m[K/home/davencyw/catkinws/dynvinsmono/src/VINS-Mono/vins_estimator/src/dynenv/cluster.cc:266:41:[m[K [01;31m[Kerror: [m[Kno matching function for call to â€˜[01m[Kswap(int&, const int&)[m[Kâ€™
       std::swap(candidate_j, candidate_i);
[01;32m[K                                         ^[m[K
In file included from [01m[K/usr/include/c++/5/bits/stl_pair.h:59:0[m[K,
                 from [01m[K/usr/include/c++/5/utility:70[m[K,
                 from [01m[K/usr/include/c++/5/algorithm:60[m[K,
                 from [01m[K/home/davencyw/catkinws/dynvinsmono/src/VINS-Mono/vins_estimator/src/dynenv/../feature_manager.h:4[m[K,
                 from [01m[K/home/davencyw/catkinws/dynvinsmono/src/VINS-Mono/vins_estimator/src/dynenv/cluster.h:4[m[K,
                 from [01m[K/home/davencyw/catkinws/dynvinsmono/src/VINS-Mono/vins_estimator/src/dynenv/cluster.cc:1[m[K:
[01m[K/usr/include/c++/5/bits/move.h:176:5:[m[K [01;36m[Knote: [m[Kcandidate: template<class _Tp> void std::swap(_Tp&, _Tp&)
     swap(_Tp& __a, _Tp& __b)
[01;32m[K     ^[m[K
[01m[K/usr/include/c++/5/bits/move.h:176:5:[m[K [01;36m[Knote: [m[K  template argument deduction/substitution failed:
[01m[K/home/davencyw/catkinws/dynvinsmono/src/VINS-Mono/vins_estimator/src/dynenv/cluster.cc:266:41:[m[K [01;36m[Knote: [m[K  deduced conflicting types for parameter â€˜[01m[K_Tp[m[Kâ€™ (â€˜[01m[Kint[m[Kâ€™ and â€˜[01m[Kconst int[m[Kâ€™)
       std::swap(candidate_j, candidate_i);
[01;32m[K                                         ^[m[K
In file included from [01m[K/usr/include/c++/5/bits/stl_pair.h:59:0[m[K,
                 from [01m[K/usr/include/c++/5/utility:70[m[K,
                 from [01m[K/usr/include/c++/5/algorithm:60[m[K,
                 from [01m[K/home/davencyw/catkinws/dynvinsmono/src/VINS-Mono/vins_estimator/src/dynenv/../feature_manager.h:4[m[K,
                 from [01m[K/home/davencyw/catkinws/dynvinsmono/src/VINS-Mono/vins_estimator/src/dynenv/cluster.h:4[m[K,
                 from [01m[K/home/davencyw/catkinws/dynvinsmono/src/VINS-Mono/vins_estimator/src/dynenv/cluster.cc:1[m[K:
[01m[K/usr/include/c++/5/bits/move.h:195:5:[m[K [01;36m[Knote: [m[Kcandidate: template<class _Tp, long unsigned int _Nm> void std::swap(_Tp (&)[_Nm], _Tp (&)[_Nm])
     swap(_Tp (&__a)[_Nm], _Tp (&__b)[_Nm])
[01;32m[K     ^[m[K
[01m[K/usr/include/c++/5/bits/move.h:195:5:[m[K [01;36m[Knote: [m[K  template argument deduction/substitution failed:
[01m[K/home/davencyw/catkinws/dynvinsmono/src/VINS-Mono/vins_estimator/src/dynenv/cluster.cc:266:41:[m[K [01;36m[Knote: [m[K  mismatched types â€˜[01m[K_Tp [_Nm][m[Kâ€™ and â€˜[01m[Kint[m[Kâ€™
       std::swap(candidate_j, candidate_i);
[01;32m[K                                         ^[m[K
In file included from [01m[K/usr/include/c++/5/utility:70:0[m[K,
                 from [01m[K/usr/include/c++/5/algorithm:60[m[K,
                 from [01m[K/home/davencyw/catkinws/dynvinsmono/src/VINS-Mono/vins_estimator/src/dynenv/../feature_manager.h:4[m[K,
                 from [01m[K/home/davencyw/catkinws/dynvinsmono/src/VINS-Mono/vins_estimator/src/dynenv/cluster.h:4[m[K,
                 from [01m[K/home/davencyw/catkinws/dynvinsmono/src/VINS-Mono/vins_estimator/src/dynenv/cluster.cc:1[m[K:
[01m[K/usr/include/c++/5/bits/stl_pair.h:254:5:[m[K [01;36m[Knote: [m[Kcandidate: template<class _T1, class _T2> void std::swap(std::pair<_T1, _T2>&, std::pair<_T1, _T2>&)
     swap(pair<_T1, _T2>& __x, pair<_T1, _T2>& __y)
[01;32m[K     ^[m[K
[01m[K/usr/include/c++/5/bits/stl_pair.h:254:5:[m[K [01;36m[Knote: [m[K  template argument deduction/substitution failed:
[01m[K/home/davencyw/catkinws/dynvinsmono/src/VINS-Mono/vins_estimator/src/dynenv/cluster.cc:266:41:[m[K [01;36m[Knote: [m[K  mismatched types â€˜[01m[Kstd::pair<_T1, _T2>[m[Kâ€™ and â€˜[01m[Kint[m[Kâ€™
       std::swap(candidate_j, candidate_i);
[01;32m[K                                         ^[m[K
In file included from [01m[K/usr/include/c++/5/string:52:0[m[K,
                 from [01m[K/usr/include/c++/5/random:40[m[K,
                 from [01m[K/usr/include/c++/5/bits/stl_algo.h:66[m[K,
                 from [01m[K/usr/include/c++/5/algorithm:62[m[K,
                 from [01m[K/home/davencyw/catkinws/dynvinsmono/src/VINS-Mono/vins_estimator/src/dynenv/../feature_manager.h:4[m[K,
                 from [01m[K/home/davencyw/catkinws/dynvinsmono/src/VINS-Mono/vins_estimator/src/dynenv/cluster.h:4[m[K,
                 from [01m[K/home/davencyw/catkinws/dynvinsmono/src/VINS-Mono/vins_estimator/src/dynenv/cluster.cc:1[m[K:
[01m[K/usr/include/c++/5/bits/basic_string.h:5135:5:[m[K [01;36m[Knote: [m[Kcandidate: template<class _CharT, class _Traits, class _Alloc> void std::swap(std::__cxx11::basic_string<_CharT, _Traits, _Alloc>&, std::__cxx11::basic_string<_CharT, _Traits, _Alloc>&)
     swap(basic_string<_CharT, _Traits, _Alloc>& __lhs,
[01;32m[K     ^[m[K
[01m[K/usr/include/c++/5/bits/basic_string.h:5135:5:[m[K [01;36m[Knote: [m[K  template argument deduction/substitution failed:
[01m[K/home/davencyw/catkinws/dynvinsmono/src/VINS-Mono/vins_estimator/src/dynenv/cluster.cc:266:41:[m[K [01;36m[Knote: [m[K  mismatched types â€˜[01m[Kstd::__cxx11::basic_string<_CharT, _Traits, _Alloc>[m[Kâ€™ and â€˜[01m[Kint[m[Kâ€™
       std::swap(candidate_j, candidate_i);
[01;32m[K                                         ^[m[K
In file included from [01m[K/usr/include/c++/5/vector:64:0[m[K,
                 from [01m[K/usr/include/c++/5/bits/random.h:34[m[K,
                 from [01m[K/usr/include/c++/5/random:49[m[K,
                 from [01m[K/usr/include/c++/5/bits/stl_algo.h:66[m[K,
                 from [01m[K/usr/include/c++/5/algorithm:62[m[K,
                 from [01m[K/home/davencyw/catkinws/dynvinsmono/src/VINS-Mono/vins_estimator/src/dynenv/../feature_manager.h:4[m[K,
                 from [01m[K/home/davencyw/catkinws/dynvinsmono/src/VINS-Mono/vins_estimator/src/dynenv/cluster.h:4[m[K,
                 from [01m[K/home/davencyw/catkinws/dynvinsmono/src/VINS-Mono/vins_estimator/src/dynenv/cluster.cc:1[m[K:
[01m[K/usr/include/c++/5/bits/stl_vector.h:1559:5:[m[K [01;36m[Knote: [m[Kcandidate: template<class _Tp, class _Alloc> void std::swap(std::vector<_Tp, _Alloc>&, std::vector<_Tp, _Alloc>&)
     swap(vector<_Tp, _Alloc>& __x, vector<_Tp, _Alloc>& __y)
[01;32m[K     ^[m[K
[01m[K/usr/include/c++/5/bits/stl_vector.h:1559:5:[m[K [01;36m[Knote: [m[K  template argument deduction/substitution failed:
[01m[K/home/davencyw/catkinws/dynvinsmono/src/VINS-Mono/vins_estimator/src/dynenv/cluster.cc:266:41:[m[K [01;36m[Knote: [m[K  mismatched types â€˜[01m[Kstd::vector<_Tp, _Alloc>[m[Kâ€™ and â€˜[01m[Kint[m[Kâ€™
       std::swap(candidate_j, candidate_i);
[01;32m[K                                         ^[m[K
In file included from [01m[K/usr/include/c++/5/vector:65:0[m[K,
                 from [01m[K/usr/include/c++/5/bits/random.h:34[m[K,
                 from [01m[K/usr/include/c++/5/random:49[m[K,
                 from [01m[K/usr/include/c++/5/bits/stl_algo.h:66[m[K,
                 from [01m[K/usr/include/c++/5/algorithm:62[m[K,
                 from [01m[K/home/davencyw/catkinws/dynvinsmono/src/VINS-Mono/vins_estimator/src/dynenv/../feature_manager.h:4[m[K,
                 from [01m[K/home/davencyw/catkinws/dynvinsmono/src/VINS-Mono/vins_estimator/src/dynenv/cluster.h:4[m[K,
                 from [01m[K/home/davencyw/catkinws/dynvinsmono/src/VINS-Mono/vins_estimator/src/dynenv/cluster.cc:1[m[K:
[01m[K/usr/include/c++/5/bits/stl_bvector.h:112:3:[m[K [01;36m[Knote: [m[Kcandidate: void std::swap(std::_Bit_reference, std::_Bit_reference)
   swap(_Bit_reference __x, _Bit_reference __y) noexcept
[01;32m[K   ^[m[K
[01m[K/usr/include/c++/5/bits/stl_bvector.h:112:3:[m[K [01;36m[Knote: [m[K  no known conversion for argument 1 from â€˜[01m[Kint[m[Kâ€™ to â€˜[01m[Kstd::_Bit_reference[m[Kâ€™
[01m[K/usr/include/c++/5/bits/stl_bvector.h:120:3:[m[K [01;36m[Knote: [m[Kcandidate: void std::swap(std::_Bit_reference, bool&)
   swap(_Bit_reference __x, bool& __y) noexcept
[01;32m[K   ^[m[K
[01m[K/usr/include/c++/5/bits/stl_bvector.h:120:3:[m[K [01;36m[Knote: [m[K  no known conversion for argument 1 from â€˜[01m[Kint[m[Kâ€™ to â€˜[01m[Kstd::_Bit_reference[m[Kâ€™
[01m[K/usr/include/c++/5/bits/stl_bvector.h:128:3:[m[K [01;36m[Knote: [m[Kcandidate: void std::swap(bool&, std::_Bit_reference)
   swap(bool& __x, _Bit_reference __y) noexcept
[01;32m[K   ^[m[K
[01m[K/usr/include/c++/5/bits/stl_bvector.h:128:3:[m[K [01;36m[Knote: [m[K  no known conversion for argument 2 from â€˜[01m[Kconst int[m[Kâ€™ to â€˜[01m[Kstd::_Bit_reference[m[Kâ€™
In file included from [01m[K/usr/include/c++/5/list:63:0[m[K,
                 from [01m[K/home/davencyw/catkinws/dynvinsmono/src/VINS-Mono/vins_estimator/src/dynenv/../feature_manager.h:5[m[K,
                 from [01m[K/home/davencyw/catkinws/dynvinsmono/src/VINS-Mono/vins_estimator/src/dynenv/cluster.h:4[m[K,
                 from [01m[K/home/davencyw/catkinws/dynvinsmono/src/VINS-Mono/vins_estimator/src/dynenv/cluster.cc:1[m[K:
[01m[K/usr/include/c++/5/bits/stl_list.h:1867:5:[m[K [01;36m[Knote: [m[Kcandidate: template<class _Tp, class _Alloc> void std::swap(std::__cxx11::list<_Tp, _Alloc>&, std::__cxx11::list<_Tp, _Alloc>&)
     swap(list<_Tp, _Alloc>& __x, list<_Tp, _Alloc>& __y)
[01;32m[K     ^[m[K
[01m[K/usr/include/c++/5/bits/stl_list.h:1867:5:[m[K [01;36m[Knote: [m[K  template argument deduction/substitution failed:
[01m[K/home/davencyw/catkinws/dynvinsmono/src/VINS-Mono/vins_estimator/src/dynenv/cluster.cc:266:41:[m[K [01;36m[Knote: [m[K  mismatched types â€˜[01m[Kstd::__cxx11::list<_Tp, _Alloc>[m[Kâ€™ and â€˜[01m[Kint[m[Kâ€™
       std::swap(candidate_j, candidate_i);
[01;32m[K                                         ^[m[K
In file included from [01m[K/usr/include/c++/5/tuple:39:0[m[K,
                 from [01m[K/usr/include/c++/5/functional:55[m[K,
                 from [01m[K/usr/include/eigen3/Eigen/Core:225[m[K,
                 from [01m[K/usr/include/eigen3/Eigen/Dense:1[m[K,
                 from [01m[K/home/davencyw/catkinws/dynvinsmono/src/VINS-Mono/vins_estimator/src/dynenv/../feature_manager.h:10[m[K,
                 from [01m[K/home/davencyw/catkinws/dynvinsmono/src/VINS-Mono/vins_estimator/src/dynenv/cluster.h:4[m[K,
                 from [01m[K/home/davencyw/catkinws/dynvinsmono/src/VINS-Mono/vins_estimator/src/dynenv/cluster.cc:1[m[K:
[01m[K/usr/include/c++/5/array:274:5:[m[K [01;36m[Knote: [m[Kcandidate: template<class _Tp, long unsigned int _Nm> void std::swap(std::array<_Tp, _Nm>&, std::array<_Tp, _Nm>&)
     swap(array<_Tp, _Nm>& __one, array<_Tp, _Nm>& __two)
[01;32m[K     ^[m[K
[01m[K/usr/include/c++/5/array:274:5:[m[K [01;36m[Knote: [m[K  template argument deduction/substitution failed:
[01m[K/home/davencyw/catkinws/dynvinsmono/src/VINS-Mono/vins_estimator/src/dynenv/cluster.cc:266:41:[m[K [01;36m[Knote: [m[K  mismatched types â€˜[01m[Kstd::array<_Tp, _Nm>[m[Kâ€™ and â€˜[01m[Kint[m[Kâ€™
       std::swap(candidate_j, candidate_i);
[01;32m[K                                         ^[m[K
In file included from [01m[K/usr/include/c++/5/functional:55:0[m[K,
                 from [01m[K/usr/include/eigen3/Eigen/Core:225[m[K,
                 from [01m[K/usr/include/eigen3/Eigen/Dense:1[m[K,
                 from [01m[K/home/davencyw/catkinws/dynvinsmono/src/VINS-Mono/vins_estimator/src/dynenv/../feature_manager.h:10[m[K,
                 from [01m[K/home/davencyw/catkinws/dynvinsmono/src/VINS-Mono/vins_estimator/src/dynenv/cluster.h:4[m[K,
                 from [01m[K/home/davencyw/catkinws/dynvinsmono/src/VINS-Mono/vins_estimator/src/dynenv/cluster.cc:1[m[K:
[01m[K/usr/include/c++/5/tuple:1132:5:[m[K [01;36m[Knote: [m[Kcandidate: template<class ... _Elements> void std::swap(std::tuple<_Elements ...>&, std::tuple<_Elements ...>&)
     swap(tuple<_Elements...>& __x, tuple<_Elements...>& __y)
[01;32m[K     ^[m[K
[01m[K/usr/include/c++/5/tuple:1132:5:[m[K [01;36m[Knote: [m[K  template argument deduction/substitution failed:
[01m[K/home/davencyw/catkinws/dynvinsmono/src/VINS-Mono/vins_estimator/src/dynenv/cluster.cc:266:41:[m[K [01;36m[Knote: [m[K  mismatched types â€˜[01m[Kstd::tuple<_Elements ...>[m[Kâ€™ and â€˜[01m[Kint[m[Kâ€™
       std::swap(candidate_j, candidate_i);
[01;32m[K                                         ^[m[K
In file included from [01m[K/usr/include/eigen3/Eigen/Core:225:0[m[K,
                 from [01m[K/usr/include/eigen3/Eigen/Dense:1[m[K,
                 from [01m[K/home/davencyw/catkinws/dynvinsmono/src/VINS-Mono/vins_estimator/src/dynenv/../feature_manager.h:10[m[K,
                 from [01m[K/home/davencyw/catkinws/dynvinsmono/src/VINS-Mono/vins_estimator/src/dynenv/cluster.h:4[m[K,
                 from [01m[K/home/davencyw/catkinws/dynvinsmono/src/VINS-Mono/vins_estimator/src/dynenv/cluster.cc:1[m[K:
[01m[K/usr/include/c++/5/functional:2369:5:[m[K [01;36m[Knote: [m[Kcandidate: template<class _Res, class ... _Args> void std::swap(std::function<_Res(_ArgTypes ...)>&, std::function<_Res(_ArgTypes ...)>&)
     swap(function<_Res(_Args...)>& __x, function<_Res(_Args...)>& __y)
[01;32m[K     ^[m[K
[01m[K/usr/include/c++/5/functional:2369:5:[m[K [01;36m[Knote: [m[K  template argument deduction/substitution failed:
[01m[K/home/davencyw/catkinws/dynvinsmono/src/VINS-Mono/vins_estimator/src/dynenv/cluster.cc:266:41:[m[K [01;36m[Knote: [m[K  mismatched types â€˜[01m[Kstd::function<_Res(_ArgTypes ...)>[m[Kâ€™ and â€˜[01m[Kint[m[Kâ€™
       std::swap(candidate_j, candidate_i);
[01;32m[K                                         ^[m[K
In file included from [01m[K/usr/include/c++/5/bits/locale_conv.h:41:0[m[K,
                 from [01m[K/usr/include/c++/5/locale:43[m[K,
                 from [01m[K/usr/include/c++/5/iomanip:43[m[K,
                 from [01m[K/usr/local/include/boost/math/policies/error_handling.hpp:12[m[K,
                 from [01m[K/usr/local/include/boost/math/special_functions/round.hpp:14[m[K,
                 from [01m[K/opt/ros/kinetic/include/ros/time.h:58[m[K,
                 from [01m[K/opt/ros/kinetic/include/ros/console.h:39[m[K,
                 from [01m[K/opt/ros/kinetic/include/ros/assert.h:35[m[K,
                 from [01m[K/home/davencyw/catkinws/dynvinsmono/src/VINS-Mono/vins_estimator/src/dynenv/../feature_manager.h:13[m[K,
                 from [01m[K/home/davencyw/catkinws/dynvinsmono/src/VINS-Mono/vins_estimator/src/dynenv/cluster.h:4[m[K,
                 from [01m[K/home/davencyw/catkinws/dynvinsmono/src/VINS-Mono/vins_estimator/src/dynenv/cluster.cc:1[m[K:
[01m[K/usr/include/c++/5/bits/unique_ptr.h:617:5:[m[K [01;36m[Knote: [m[Kcandidate: template<class _Tp, class _Dp> void std::swap(std::unique_ptr<_Tp, _Dp>&, std::unique_ptr<_Tp, _Dp>&)
     swap(unique_ptr<_Tp, _Dp>& __x,
[01;32m[K     ^[m[K
[01m[K/usr/include/c++/5/bits/unique_ptr.h:617:5:[m[K [01;36m[Knote: [m[K  template argument deduction/substitution failed:
[01m[K/home/davencyw/catkinws/dynvinsmono/src/VINS-Mono/vins_estimator/src/dynenv/cluster.cc:266:41:[m[K [01;36m[Knote: [m[K  mismatched types â€˜[01m[Kstd::unique_ptr<_Tp, _Dp>[m[Kâ€™ and â€˜[01m[Kint[m[Kâ€™
       std::swap(candidate_j, candidate_i);
[01;32m[K                                         ^[m[K
In file included from [01m[K/usr/include/c++/5/map:60:0[m[K,
                 from [01m[K/opt/ros/kinetic/include/ros/console.h:42[m[K,
                 from [01m[K/opt/ros/kinetic/include/ros/assert.h:35[m[K,
                 from [01m[K/home/davencyw/catkinws/dynvinsmono/src/VINS-Mono/vins_estimator/src/dynenv/../feature_manager.h:13[m[K,
                 from [01m[K/home/davencyw/catkinws/dynvinsmono/src/VINS-Mono/vins_estimator/src/dynenv/cluster.h:4[m[K,
                 from [01m[K/home/davencyw/catkinws/dynvinsmono/src/VINS-Mono/vins_estimator/src/dynenv/cluster.cc:1[m[K:
[01m[K/usr/include/c++/5/bits/stl_tree.h:1321:5:[m[K [01;36m[Knote: [m[Kcandidate: template<class _Key, class _Val, class _KeyOfValue, class _Compare, class _Alloc> void std::swap(std::_Rb_tree<_Key, _Val, _KeyOfValue, _Compare, _Alloc>&, std::_Rb_tree<_Key, _Val, _KeyOfValue, _Compare, _Alloc>&)
     swap(_Rb_tree<_Key, _Val, _KeyOfValue, _Compare, _Alloc>& __x,
[01;32m[K     ^[m[K
[01m[K/usr/include/c++/5/bits/stl_tree.h:1321:5:[m[K [01;36m[Knote: [m[K  template argument deduction/substitution failed:
[01m[K/home/davencyw/catkinws/dynvinsmono/src/VINS-Mono/vins_estimator/src/dynenv/cluster.cc:266:41:[m[K [01;36m[Knote: [m[K  mismatched types â€˜[01m[Kstd::_Rb_tree<_Key, _Val, _KeyOfValue, _Compare, _Alloc>[m[Kâ€™ and â€˜[01m[Kint[m[Kâ€™
       std::swap(candidate_j, candidate_i);
[01;32m[K                                         ^[m[K
In file included from [01m[K/usr/include/c++/5/map:61:0[m[K,
                 from [01m[K/opt/ros/kinetic/include/ros/console.h:42[m[K,
                 from [01m[K/opt/ros/kinetic/include/ros/assert.h:35[m[K,
                 from [01m[K/home/davencyw/catkinws/dynvinsmono/src/VINS-Mono/vins_estimator/src/dynenv/../feature_manager.h:13[m[K,
                 from [01m[K/home/davencyw/catkinws/dynvinsmono/src/VINS-Mono/vins_estimator/src/dynenv/cluster.h:4[m[K,
                 from [01m[K/home/davencyw/catkinws/dynvinsmono/src/VINS-Mono/vins_estimator/src/dynenv/cluster.cc:1[m[K:
[01m[K/usr/include/c++/5/bits/stl_map.h:1125:5:[m[K [01;36m[Knote: [m[Kcandidate: template<class _Key, class _Tp, class _Compare, class _Alloc> void std::swap(std::map<_Key, _Tp, _Compare, _Alloc>&, std::map<_Key, _Tp, _Compare, _Alloc>&)
     swap(map<_Key, _Tp, _Compare, _Alloc>& __x,
[01;32m[K     ^[m[K
[01m[K/usr/include/c++/5/bits/stl_map.h:1125:5:[m[K [01;36m[Knote: [m[K  template argument deduction/substitution failed:
[01m[K/home/davencyw/catkinws/dynvinsmono/src/VINS-Mono/vins_estimator/src/dynenv/cluster.cc:266:41:[m[K [01;36m[Knote: [m[K  mismatched types â€˜[01m[Kstd::map<_Key, _Tp, _Compare, _Alloc>[m[Kâ€™ and â€˜[01m[Kint[m[Kâ€™
       std::swap(candidate_j, candidate_i);
[01;32m[K                                         ^[m[K
In file included from [01m[K/usr/include/c++/5/map:62:0[m[K,
                 from [01m[K/opt/ros/kinetic/include/ros/console.h:42[m[K,
                 from [01m[K/opt/ros/kinetic/include/ros/assert.h:35[m[K,
                 from [01m[K/home/davencyw/catkinws/dynvinsmono/src/VINS-Mono/vins_estimator/src/dynenv/../feature_manager.h:13[m[K,
                 from [01m[K/home/davencyw/catkinws/dynvinsmono/src/VINS-Mono/vins_estimator/src/dynenv/cluster.h:4[m[K,
                 from [01m[K/home/davencyw/catkinws/dynvinsmono/src/VINS-Mono/vins_estimator/src/dynenv/cluster.cc:1[m[K:
[01m[K/usr/include/c++/5/bits/stl_multimap.h:1026:5:[m[K [01;36m[Knote: [m[Kcandidate: template<class _Key, class _Tp, class _Compare, class _Alloc> void std::swap(std::multimap<_Key, _Tp, _Compare, _Alloc>&, std::multimap<_Key, _Tp, _Compare, _Alloc>&)
     swap(multimap<_Key, _Tp, _Compare, _Alloc>& __x,
[01;32m[K     ^[m[K
[01m[K/usr/include/c++/5/bits/stl_multimap.h:1026:5:[m[K [01;36m[Knote: [m[K  template argument deduction/substitution failed:
[01m[K/home/davencyw/catkinws/dynvinsmono/src/VINS-Mono/vins_estimator/src/dynenv/cluster.cc:266:41:[m[K [01;36m[Knote: [m[K  mismatched types â€˜[01m[Kstd::multimap<_Key, _Tp, _Compare, _Alloc>[m[Kâ€™ and â€˜[01m[Kint[m[Kâ€™
       std::swap(candidate_j, candidate_i);
[01;32m[K                                         ^[m[K
In file included from [01m[K/usr/include/c++/5/set:61:0[m[K,
                 from [01m[K/opt/ros/kinetic/include/ros/forwards.h:34[m[K,
                 from [01m[K/opt/ros/kinetic/include/ros/common.h:37[m[K,
                 from [01m[K/opt/ros/kinetic/include/ros/ros.h:43[m[K,
                 from [01m[K/home/davencyw/catkinws/dynvinsmono/src/VINS-Mono/vins_estimator/src/dynenv/../parameters.h:3[m[K,
                 from [01m[K/home/davencyw/catkinws/dynvinsmono/src/VINS-Mono/vins_estimator/src/dynenv/../feature_manager.h:16[m[K,
                 from [01m[K/home/davencyw/catkinws/dynvinsmono/src/VINS-Mono/vins_estimator/src/dynenv/cluster.h:4[m[K,
                 from [01m[K/home/davencyw/catkinws/dynvinsmono/src/VINS-Mono/vins_estimator/src/dynenv/cluster.cc:1[m[K:
[01m[K/usr/include/c++/5/bits/stl_set.h:894:5:[m[K [01;36m[Knote: [m[Kcandidate: template<class _Key, class _Compare, class _Alloc> void std::swap(std::set<_Key, _Compare, _Alloc>&, std::set<_Key, _Compare, _Alloc>&)
     swap(set<_Key, _Compare, _Alloc>& __x, set<_Key, _Compare, _Alloc>& __y)
[01;32m[K     ^[m[K
[01m[K/usr/include/c++/5/bits/stl_set.h:894:5:[m[K [01;36m[Knote: [m[K  template argument deduction/substitution failed:
[01m[K/home/davencyw/catkinws/dynvinsmono/src/VINS-Mono/vins_estimator/src/dynenv/cluster.cc:266:41:[m[K [01;36m[Knote: [m[K  mismatched types â€˜[01m[Kstd::set<_Key, _Compare, _Alloc>[m[Kâ€™ and â€˜[01m[Kint[m[Kâ€™
       std::swap(candidate_j, candidate_i);
[01;32m[K                                         ^[m[K
In file included from [01m[K/usr/include/c++/5/set:62:0[m[K,
                 from [01m[K/opt/ros/kinetic/include/ros/forwards.h:34[m[K,
                 from [01m[K/opt/ros/kinetic/include/ros/common.h:37[m[K,
                 from [01m[K/opt/ros/kinetic/include/ros/ros.h:43[m[K,
                 from [01m[K/home/davencyw/catkinws/dynvinsmono/src/VINS-Mono/vins_estimator/src/dynenv/../parameters.h:3[m[K,
                 from [01m[K/home/davencyw/catkinws/dynvinsmono/src/VINS-Mono/vins_estimator/src/dynenv/../feature_manager.h:16[m[K,
                 from [01m[K/home/davencyw/catkinws/dynvinsmono/src/VINS-Mono/vins_estimator/src/dynenv/cluster.h:4[m[K,
                 from [01m[K/home/davencyw/catkinws/dynvinsmono/src/VINS-Mono/vins_estimator/src/dynenv/cluster.cc:1[m[K:
[01m[K/usr/include/c++/5/bits/stl_multiset.h:877:5:[m[K [01;36m[Knote: [m[Kcandidate: template<class _Key, class _Compare, class _Alloc> void std::swap(std::multiset<_Key, _Compare, _Alloc>&, std::multiset<_Key, _Compare, _Alloc>&)
     swap(multiset<_Key, _Compare, _Alloc>& __x,
[01;32m[K     ^[m[K
[01m[K/usr/include/c++/5/bits/stl_multiset.h:877:5:[m[K [01;36m[Knote: [m[K  template argument deduction/substitution failed:
[01m[K/home/davencyw/catkinws/dynvinsmono/src/VINS-Mono/vins_estimator/src/dynenv/cluster.cc:266:41:[m[K [01;36m[Knote: [m[K  mismatched types â€˜[01m[Kstd::multiset<_Key, _Compare, _Alloc>[m[Kâ€™ and â€˜[01m[Kint[m[Kâ€™
       std::swap(candidate_j, candidate_i);
[01;32m[K                                         ^[m[K
In file included from [01m[K/usr/include/c++/5/bits/shared_ptr.h:52:0[m[K,
                 from [01m[K/usr/include/c++/5/memory:82[m[K,
                 from [01m[K/usr/local/include/boost/config/no_tr1/memory.hpp:21[m[K,
                 from [01m[K/usr/local/include/boost/smart_ptr/shared_ptr.hpp:23[m[K,
                 from [01m[K/usr/local/include/boost/shared_ptr.hpp:17[m[K,
                 from [01m[K/opt/ros/kinetic/include/ros/forwards.h:37[m[K,
                 from [01m[K/opt/ros/kinetic/include/ros/common.h:37[m[K,
                 from [01m[K/opt/ros/kinetic/include/ros/ros.h:43[m[K,
                 from [01m[K/home/davencyw/catkinws/dynvinsmono/src/VINS-Mono/vins_estimator/src/dynenv/../parameters.h:3[m[K,
                 from [01m[K/home/davencyw/catkinws/dynvinsmono/src/VINS-Mono/vins_estimator/src/dynenv/../feature_manager.h:16[m[K,
                 from [01m[K/home/davencyw/catkinws/dynvinsmono/src/VINS-Mono/vins_estimator/src/dynenv/cluster.h:4[m[K,
                 from [01m[K/home/davencyw/catkinws/dynvinsmono/src/VINS-Mono/vins_estimator/src/dynenv/cluster.cc:1[m[K:
[01m[K/usr/include/c++/5/bits/shared_ptr_base.h:1299:5:[m[K [01;36m[Knote: [m[Kcandidate: template<class _Tp, __gnu_cxx::_Lock_policy _Lp> void std::swap(std::__shared_ptr<_Tp, _Lp>&, std::__shared_ptr<_Tp, _Lp>&)
     swap(__shared_ptr<_Tp, _Lp>& __a, __shared_ptr<_Tp, _Lp>& __b) noexcept
[01;32m[K     ^[m[K
[01m[K/usr/include/c++/5/bits/shared_ptr_base.h:1299:5:[m[K [01;36m[Knote: [m[K  template argument deduction/substitution failed:
[01m[K/home/davencyw/catkinws/dynvinsmono/src/VINS-Mono/vins_estimator/src/dynenv/cluster.cc:266:41:[m[K [01;36m[Knote: [m[K  mismatched types â€˜[01m[Kstd::__shared_ptr<_Tp, _Lp>[m[Kâ€™ and â€˜[01m[Kint[m[Kâ€™
       std::swap(candidate_j, candidate_i);
[01;32m[K                                         ^[m[K
In file included from [01m[K/usr/include/c++/5/bits/shared_ptr.h:52:0[m[K,
                 from [01m[K/usr/include/c++/5/memory:82[m[K,
                 from [01m[K/usr/local/include/boost/config/no_tr1/memory.hpp:21[m[K,
                 from [01m[K/usr/local/include/boost/smart_ptr/shared_ptr.hpp:23[m[K,
                 from [01m[K/usr/local/include/boost/shared_ptr.hpp:17[m[K,
                 from [01m[K/opt/ros/kinetic/include/ros/forwards.h:37[m[K,
                 from [01m[K/opt/ros/kinetic/include/ros/common.h:37[m[K,
                 from [01m[K/opt/ros/kinetic/include/ros/ros.h:43[m[K,
                 from [01m[K/home/davencyw/catkinws/dynvinsmono/src/VINS-Mono/vins_estimator/src/dynenv/../parameters.h:3[m[K,
                 from [01m[K/home/davencyw/catkinws/dynvinsmono/src/VINS-Mono/vins_estimator/src/dynenv/../feature_manager.h:16[m[K,
                 from [01m[K/home/davencyw/catkinws/dynvinsmono/src/VINS-Mono/vins_estimator/src/dynenv/cluster.h:4[m[K,
                 from [01m[K/home/davencyw/catkinws/dynvinsmono/src/VINS-Mono/vins_estimator/src/dynenv/cluster.cc:1[m[K:
[01m[K/usr/include/c++/5/bits/shared_ptr_base.h:1484:5:[m[K [01;36m[Knote: [m[Kcandidate: template<class _Tp, __gnu_cxx::_Lock_policy _Lp> void std::swap(std::__weak_ptr<_Tp, _Lp>&, std::__weak_ptr<_Tp, _Lp>&)
     swap(__weak_ptr<_Tp, _Lp>& __a, __weak_ptr<_Tp, _Lp>& __b) noexcept
[01;32m[K     ^[m[K
[01m[K/usr/include/c++/5/bits/shared_ptr_base.h:1484:5:[m[K [01;36m[Knote: [m[K  template argument deduction/substitution failed:
[01m[K/home/davencyw/catkinws/dynvinsmono/src/VINS-Mono/vins_estimator/src/dynenv/cluster.cc:266:41:[m[K [01;36m[Knote: [m[K  mismatched types â€˜[01m[Kstd::__weak_ptr<_Tp, _Lp>[m[Kâ€™ and â€˜[01m[Kint[m[Kâ€™
       std::swap(candidate_j, candidate_i);
[01;32m[K                                         ^[m[K
In file included from [01m[K/usr/include/c++/5/memory:82:0[m[K,
                 from [01m[K/usr/local/include/boost/config/no_tr1/memory.hpp:21[m[K,
                 from [01m[K/usr/local/include/boost/smart_ptr/shared_ptr.hpp:23[m[K,
                 from [01m[K/usr/local/include/boost/shared_ptr.hpp:17[m[K,
                 from [01m[K/opt/ros/kinetic/include/ros/forwards.h:37[m[K,
                 from [01m[K/opt/ros/kinetic/include/ros/common.h:37[m[K,
                 from [01m[K/opt/ros/kinetic/include/ros/ros.h:43[m[K,
                 from [01m[K/home/davencyw/catkinws/dynvinsmono/src/VINS-Mono/vins_estimator/src/dynenv/../parameters.h:3[m[K,
                 from [01m[K/home/davencyw/catkinws/dynvinsmono/src/VINS-Mono/vins_estimator/src/dynenv/../feature_manager.h:16[m[K,
                 from [01m[K/home/davencyw/catkinws/dynvinsmono/src/VINS-Mono/vins_estimator/src/dynenv/cluster.h:4[m[K,
                 from [01m[K/home/davencyw/catkinws/dynvinsmono/src/VINS-Mono/vins_estimator/src/dynenv/cluster.cc:1[m[K:
[01m[K/usr/include/c++/5/bits/shared_ptr.h:440:5:[m[K [01;36m[Knote: [m[Kcandidate: template<class _Tp> void std::swap(std::shared_ptr<_Tp1>&, std::shared_ptr<_Tp1>&)
     swap(shared_ptr<_Tp>& __a, shared_ptr<_Tp>& __b) noexcept
[01;32m[K     ^[m[K
[01m[K/usr/include/c++/5/bits/shared_ptr.h:440:5:[m[K [01;36m[Knote: [m[K  template argument deduction/substitution failed:
[01m[K/home/davencyw/catkinws/dynvinsmono/src/VINS-Mono/vins_estimator/src/dynenv/cluster.cc:266:41:[m[K [01;36m[Knote: [m[K  mismatched types â€˜[01m[Kstd::shared_ptr<_Tp1>[m[Kâ€™ and â€˜[01m[Kint[m[Kâ€™
       std::swap(candidate_j, candidate_i);
[01;32m[K                                         ^[m[K
In file included from [01m[K/usr/include/c++/5/memory:82:0[m[K,
                 from [01m[K/usr/local/include/boost/config/no_tr1/memory.hpp:21[m[K,
                 from [01m[K/usr/local/include/boost/smart_ptr/shared_ptr.hpp:23[m[K,
                 from [01m[K/usr/local/include/boost/shared_ptr.hpp:17[m[K,
                 from [01m[K/opt/ros/kinetic/include/ros/forwards.h:37[m[K,
                 from [01m[K/opt/ros/kinetic/include/ros/common.h:37[m[K,
                 from [01m[K/opt/ros/kinetic/include/ros/ros.h:43[m[K,
                 from [01m[K/home/davencyw/catkinws/dynvinsmono/src/VINS-Mono/vins_estimator/src/dynenv/../parameters.h:3[m[K,
                 from [01m[K/home/davencyw/catkinws/dynvinsmono/src/VINS-Mono/vins_estimator/src/dynenv/../feature_manager.h:16[m[K,
                 from [01m[K/home/davencyw/catkinws/dynvinsmono/src/VINS-Mono/vins_estimator/src/dynenv/cluster.h:4[m[K,
                 from [01m[K/home/davencyw/catkinws/dynvinsmono/src/VINS-Mono/vins_estimator/src/dynenv/cluster.cc:1[m[K:
[01m[K/usr/include/c++/5/bits/shared_ptr.h:533:5:[m[K [01;36m[Knote: [m[Kcandidate: template<class _Tp> void std::swap(std::weak_ptr<_Tp>&, std::weak_ptr<_Tp>&)
     swap(weak_ptr<_Tp>& __a, weak_ptr<_Tp>& __b) noexcept
[01;32m[K     ^[m[K
[01m[K/usr/include/c++/5/bits/shared_ptr.h:533:5:[m[K [01;36m[Knote: [m[K  template argument deduction/substitution failed:
[01m[K/home/davencyw/catkinws/dynvinsmono/src/VINS-Mono/vins_estimator/src/dynenv/cluster.cc:266:41:[m[K [01;36m[Knote: [m[K  mismatched types â€˜[01m[Kstd::weak_ptr<_Tp>[m[Kâ€™ and â€˜[01m[Kint[m[Kâ€™
       std::swap(candidate_j, candidate_i);
[01;32m[K                                         ^[m[K
In file included from [01m[K/usr/include/c++/5/deque:64:0[m[K,
                 from [01m[K/usr/local/include/boost/detail/container_fwd.hpp:91[m[K,
                 from [01m[K/usr/local/include/boost/container_hash/extensions.hpp:22[m[K,
                 from [01m[K/usr/local/include/boost/container_hash/hash.hpp:760[m[K,
                 from [01m[K/usr/local/include/boost/type_index/stl_type_index.hpp:43[m[K,
                 from [01m[K/usr/local/include/boost/type_index.hpp:29[m[K,
                 from [01m[K/usr/local/include/boost/function/function_base.hpp:21[m[K,
                 from [01m[K/usr/local/include/boost/function/detail/prologue.hpp:17[m[K,
                 from [01m[K/usr/local/include/boost/function.hpp:30[m[K,
                 from [01m[K/opt/ros/kinetic/include/ros/forwards.h:40[m[K,
                 from [01m[K/opt/ros/kinetic/include/ros/common.h:37[m[K,
                 from [01m[K/opt/ros/kinetic/include/ros/ros.h:43[m[K,
                 from [01m[K/home/davencyw/catkinws/dynvinsmono/src/VINS-Mono/vins_estimator/src/dynenv/../parameters.h:3[m[K,
                 from [01m[K/home/davencyw/catkinws/dynvinsmono/src/VINS-Mono/vins_estimator/src/dynenv/../feature_manager.h:16[m[K,
                 from [01m[K/home/davencyw/catkinws/dynvinsmono/src/VINS-Mono/vins_estimator/src/dynenv/cluster.h:4[m[K,
                 from [01m[K/home/davencyw/catkinws/dynvinsmono/src/VINS-Mono/vins_estimator/src/dynenv/cluster.cc:1[m[K:
[01m[K/usr/include/c++/5/bits/stl_deque.h:2274:5:[m[K [01;36m[Knote: [m[Kcandidate: template<class _Tp, class _Alloc> void std::swap(std::deque<_Tp, _Alloc>&, std::deque<_Tp, _Alloc>&)
     swap(deque<_Tp,_Alloc>& __x, deque<_Tp,_Alloc>& __y)
[01;32m[K     ^[m[K
[01m[K/usr/include/c++/5/bits/stl_deque.h:2274:5:[m[K [01;36m[Knote: [m[K  template argument deduction/substitution failed:
[01m[K/home/davencyw/catkinws/dynvinsmono/src/VINS-Mono/vins_estimator/src/dynenv/cluster.cc:266:41:[m[K [01;36m[Knote: [m[K  mismatched types â€˜[01m[Kstd::deque<_Tp, _Alloc>[m[Kâ€™ and â€˜[01m[Kint[m[Kâ€™
       std::swap(candidate_j, candidate_i);
[01;32m[K                                         ^[m[K
In file included from [01m[K/opt/ros/kinetic/include/opencv-3.3.1-dev/opencv2/core/base.hpp:58:0[m[K,
                 from [01m[K/opt/ros/kinetic/include/opencv-3.3.1-dev/opencv2/core.hpp:54[m[K,
                 from [01m[K/opt/ros/kinetic/include/opencv-3.3.1-dev/opencv2/opencv.hpp:52[m[K,
                 from [01m[K/home/davencyw/catkinws/dynvinsmono/src/VINS-Mono/vins_estimator/src/dynenv/../parameters.h:7[m[K,
                 from [01m[K/home/davencyw/catkinws/dynvinsmono/src/VINS-Mono/vins_estimator/src/dynenv/../feature_manager.h:16[m[K,
                 from [01m[K/home/davencyw/catkinws/dynvinsmono/src/VINS-Mono/vins_estimator/src/dynenv/cluster.h:4[m[K,
                 from [01m[K/home/davencyw/catkinws/dynvinsmono/src/VINS-Mono/vins_estimator/src/dynenv/cluster.cc:1[m[K:
[01m[K/opt/ros/kinetic/include/opencv-3.3.1-dev/opencv2/core/cvstd.hpp:1035:24:[m[K [01;36m[Knote: [m[Kcandidate: void std::swap(cv::String&, cv::String&) <near match>
     static inline void swap(cv::String& a, cv::String& b) { a.swap(b); }
[01;32m[K                        ^[m[K
[01m[K/opt/ros/kinetic/include/opencv-3.3.1-dev/opencv2/core/cvstd.hpp:1035:24:[m[K [01;36m[Knote: [m[K  conversion of argument 2 would be ill-formed:
[01m[K/opt/ros/kinetic/include/opencv-3.3.1-dev/opencv2/core/cvstd.hpp:556:5:[m[K [01;31m[Kerror: [m[Kâ€˜[01m[Kcv::String::String(int)[m[Kâ€™ is private
     String(int); // disabled and invalid. Catch invalid usages like, commandLineParser.has(0) problem
[01;32m[K     ^[m[K
[01m[K/home/davencyw/catkinws/dynvinsmono/src/VINS-Mono/vins_estimator/src/dynenv/cluster.cc:266:41:[m[K [01;31m[Kerror: [m[Kwithin this context
       std::swap(candidate_j, candidate_i);
[01;32m[K                                         ^[m[K
[01m[K/home/davencyw/catkinws/dynvinsmono/src/VINS-Mono/vins_estimator/src/dynenv/cluster.cc:266:41:[m[K [01;31m[Kerror: [m[Kinvalid initialization of non-const reference of type â€˜[01m[Kcv::String&[m[Kâ€™ from an rvalue of type â€˜[01m[Kcv::String[m[Kâ€™
In file included from [01m[K/opt/ros/kinetic/include/opencv-3.3.1-dev/opencv2/core/base.hpp:58:0[m[K,
                 from [01m[K/opt/ros/kinetic/include/opencv-3.3.1-dev/opencv2/core.hpp:54[m[K,
                 from [01m[K/opt/ros/kinetic/include/opencv-3.3.1-dev/opencv2/opencv.hpp:52[m[K,
                 from [01m[K/home/davencyw/catkinws/dynvinsmono/src/VINS-Mono/vins_estimator/src/dynenv/../parameters.h:7[m[K,
                 from [01m[K/home/davencyw/catkinws/dynvinsmono/src/VINS-Mono/vins_estimator/src/dynenv/../feature_manager.h:16[m[K,
                 from [01m[K/home/davencyw/catkinws/dynvinsmono/src/VINS-Mono/vins_estimator/src/dynenv/cluster.h:4[m[K,
                 from [01m[K/home/davencyw/catkinws/dynvinsmono/src/VINS-Mono/vins_estimator/src/dynenv/cluster.cc:1[m[K:
[01m[K/opt/ros/kinetic/include/opencv-3.3.1-dev/opencv2/core/cvstd.hpp:556:5:[m[K [01;36m[Knote: [m[K  after user-defined conversion: cv::String::String(int)
     String(int); // disabled and invalid. Catch invalid usages like, commandLineParser.has(0) problem
[01;32m[K     ^[m[K
In file included from [01m[K/usr/include/c++/5/unordered_map:48:0[m[K,
                 from [01m[K/opt/ros/kinetic/include/opencv-3.3.1-dev/opencv2/flann/lsh_table.h:49[m[K,
                 from [01m[K/opt/ros/kinetic/include/opencv-3.3.1-dev/opencv2/flann/lsh_index.h:49[m[K,
                 from [01m[K/opt/ros/kinetic/include/opencv-3.3.1-dev/opencv2/flann/all_indices.h:42[m[K,
                 from [01m[K/opt/ros/kinetic/include/opencv-3.3.1-dev/opencv2/flann/flann_base.hpp:43[m[K,
                 from [01m[K/opt/ros/kinetic/include/opencv-3.3.1-dev/opencv2/flann.hpp:48[m[K,
                 from [01m[K/opt/ros/kinetic/include/opencv-3.3.1-dev/opencv2/opencv.hpp:62[m[K,
                 from [01m[K/home/davencyw/catkinws/dynvinsmono/src/VINS-Mono/vins_estimator/src/dynenv/../parameters.h:7[m[K,
                 from [01m[K/home/davencyw/catkinws/dynvinsmono/src/VINS-Mono/vins_estimator/src/dynenv/../feature_manager.h:16[m[K,
                 from [01m[K/home/davencyw/catkinws/dynvinsmono/src/VINS-Mono/vins_estimator/src/dynenv/cluster.h:4[m[K,
                 from [01m[K/home/davencyw/catkinws/dynvinsmono/src/VINS-Mono/vins_estimator/src/dynenv/cluster.cc:1[m[K:
[01m[K/usr/include/c++/5/bits/unordered_map.h:1518:5:[m[K [01;36m[Knote: [m[Kcandidate: template<class _Key, class _Tp, class _Hash, class _Pred, class _Alloc> void std::swap(std::unordered_map<_Key, _Tp, _Hash, _Pred, _Alloc>&, std::unordered_map<_Key, _Tp, _Hash, _Pred, _Alloc>&)
     swap(unordered_map<_Key, _Tp, _Hash, _Pred, _Alloc>& __x,
[01;32m[K     ^[m[K
[01m[K/usr/include/c++/5/bits/unordered_map.h:1518:5:[m[K [01;36m[Knote: [m[K  template argument deduction/substitution failed:
[01m[K/home/davencyw/catkinws/dynvinsmono/src/VINS-Mono/vins_estimator/src/dynenv/cluster.cc:266:41:[m[K [01;36m[Knote: [m[K  mismatched types â€˜[01m[Kstd::unordered_map<_Key, _Tp, _Hash, _Pred, _Alloc>[m[Kâ€™ and â€˜[01m[Kint[m[Kâ€™
       std::swap(candidate_j, candidate_i);
[01;32m[K                                         ^[m[K
In file included from [01m[K/usr/include/c++/5/unordered_map:48:0[m[K,
                 from [01m[K/opt/ros/kinetic/include/opencv-3.3.1-dev/opencv2/flann/lsh_table.h:49[m[K,
                 from [01m[K/opt/ros/kinetic/include/opencv-3.3.1-dev/opencv2/flann/lsh_index.h:49[m[K,
                 from [01m[K/opt/ros/kinetic/include/opencv-3.3.1-dev/opencv2/flann/all_indices.h:42[m[K,
                 from [01m[K/opt/ros/kinetic/include/opencv-3.3.1-dev/opencv2/flann/flann_base.hpp:43[m[K,
                 from [01m[K/opt/ros/kinetic/include/opencv-3.3.1-dev/opencv2/flann.hpp:48[m[K,
                 from [01m[K/opt/ros/kinetic/include/opencv-3.3.1-dev/opencv2/opencv.hpp:62[m[K,
                 from [01m[K/home/davencyw/catkinws/dynvinsmono/src/VINS-Mono/vins_estimator/src/dynenv/../parameters.h:7[m[K,
                 from [01m[K/home/davencyw/catkinws/dynvinsmono/src/VINS-Mono/vins_estimator/src/dynenv/../feature_manager.h:16[m[K,
                 from [01m[K/home/davencyw/catkinws/dynvinsmono/src/VINS-Mono/vins_estimator/src/dynenv/cluster.h:4[m[K,
                 from [01m[K/home/davencyw/catkinws/dynvinsmono/src/VINS-Mono/vins_estimator/src/dynenv/cluster.cc:1[m[K:
[01m[K/usr/include/c++/5/bits/unordered_map.h:1524:5:[m[K [01;36m[Knote: [m[Kcandidate: template<class _Key, class _Tp, class _Hash, class _Pred, class _Alloc> void std::swap(std::unordered_multimap<_Key, _Tp, _Hash, _Pred, _Alloc>&, std::unordered_multimap<_Key, _Tp, _Hash, _Pred, _Alloc>&)
     swap(unordered_multimap<_Key, _Tp, _Hash, _Pred, _Alloc>& __x,
[01;32m[K     ^[m[K
[01m[K/usr/include/c++/5/bits/unordered_map.h:1524:5:[m[K [01;36m[Knote: [m[K  template argument deduction/substitution failed:
[01m[K/home/davencyw/catkinws/dynvinsmono/src/VINS-Mono/vins_estimator/src/dynenv/cluster.cc:266:41:[m[K [01;36m[Knote: [m[K  mismatched types â€˜[01m[Kstd::unordered_multimap<_Key, _Tp, _Hash, _Pred, _Alloc>[m[Kâ€™ and â€˜[01m[Kint[m[Kâ€™
       std::swap(candidate_j, candidate_i);
[01;32m[K                                         ^[m[K
In file included from [01m[K/usr/include/c++/5/queue:64:0[m[K,
                 from [01m[K/opt/ros/kinetic/include/opencv-3.3.1-dev/opencv2/stitching/detail/util_inl.hpp:46[m[K,
                 from [01m[K/opt/ros/kinetic/include/opencv-3.3.1-dev/opencv2/stitching/detail/util.hpp:119[m[K,
                 from [01m[K/opt/ros/kinetic/include/opencv-3.3.1-dev/opencv2/stitching/detail/motion_estimators.hpp:48[m[K,
                 from [01m[K/opt/ros/kinetic/include/opencv-3.3.1-dev/opencv2/stitching.hpp:50[m[K,
                 from [01m[K/opt/ros/kinetic/include/opencv-3.3.1-dev/opencv2/opencv.hpp:86[m[K,
                 from [01m[K/home/davencyw/catkinws/dynvinsmono/src/VINS-Mono/vins_estimator/src/dynenv/../parameters.h:7[m[K,
                 from [01m[K/home/davencyw/catkinws/dynvinsmono/src/VINS-Mono/vins_estimator/src/dynenv/../feature_manager.h:16[m[K,
                 from [01m[K/home/davencyw/catkinws/dynvinsmono/src/VINS-Mono/vins_estimator/src/dynenv/cluster.h:4[m[K,
                 from [01m[K/home/davencyw/catkinws/dynvinsmono/src/VINS-Mono/vins_estimator/src/dynenv/cluster.cc:1[m[K:
[01m[K/usr/include/c++/5/bits/stl_queue.h:319:5:[m[K [01;36m[Knote: [m[Kcandidate: template<class _Tp, class _Seq> void std::swap(std::queue<_Tp, _Seq>&, std::queue<_Tp, _Seq>&)
     swap(queue<_Tp, _Seq>& __x, queue<_Tp, _Seq>& __y)
[01;32m[K     ^[m[K
[01m[K/usr/include/c++/5/bits/stl_queue.h:319:5:[m[K [01;36m[Knote: [m[K  template argument deduction/substitution failed:
[01m[K/home/davencyw/catkinws/dynvinsmono/src/VINS-Mono/vins_estimator/src/dynenv/cluster.cc:266:41:[m[K [01;36m[Knote: [m[K  mismatched types â€˜[01m[Kstd::queue<_Tp, _Seq>[m[Kâ€™ and â€˜[01m[Kint[m[Kâ€™
       std::swap(candidate_j, candidate_i);
[01;32m[K                                         ^[m[K
In file included from [01m[K/usr/include/c++/5/queue:64:0[m[K,
                 from [01m[K/opt/ros/kinetic/include/opencv-3.3.1-dev/opencv2/stitching/detail/util_inl.hpp:46[m[K,
                 from [01m[K/opt/ros/kinetic/include/opencv-3.3.1-dev/opencv2/stitching/detail/util.hpp:119[m[K,
                 from [01m[K/opt/ros/kinetic/include/opencv-3.3.1-dev/opencv2/stitching/detail/motion_estimators.hpp:48[m[K,
                 from [01m[K/opt/ros/kinetic/include/opencv-3.3.1-dev/opencv2/stitching.hpp:50[m[K,
                 from [01m[K/opt/ros/kinetic/include/opencv-3.3.1-dev/opencv2/opencv.hpp:86[m[K,
                 from [01m[K/home/davencyw/catkinws/dynvinsmono/src/VINS-Mono/vins_estimator/src/dynenv/../parameters.h:7[m[K,
                 from [01m[K/home/davencyw/catkinws/dynvinsmono/src/VINS-Mono/vins_estimator/src/dynenv/../feature_manager.h:16[m[K,
                 from [01m[K/home/davencyw/catkinws/dynvinsmono/src/VINS-Mono/vins_estimator/src/dynenv/cluster.h:4[m[K,
                 from [01m[K/home/davencyw/catkinws/dynvinsmono/src/VINS-Mono/vins_estimator/src/dynenv/cluster.cc:1[m[K:
[01m[K/usr/include/c++/5/bits/stl_queue.h:558:5:[m[K [01;36m[Knote: [m[Kcandidate: template<class _Tp, class _Sequence, class _Compare> void std::swap(std::priority_queue<_Tp, _Sequence, _Compare>&, std::priority_queue<_Tp, _Sequence, _Compare>&)
     swap(priority_queue<_Tp, _Sequence, _Compare>& __x,
[01;32m[K     ^[m[K
[01m[K/usr/include/c++/5/bits/stl_queue.h:558:5:[m[K [01;36m[Knote: [m[K  template argument deduction/substitution failed:
[01m[K/home/davencyw/catkinws/dynvinsmono/src/VINS-Mono/vins_estimator/src/dynenv/cluster.cc:266:41:[m[K [01;36m[Knote: [m[K  mismatched types â€˜[01m[Kstd::priority_queue<_Tp, _Sequence, _Compare>[m[Kâ€™ and â€˜[01m[Kint[m[Kâ€™
       std::swap(candidate_j, candidate_i);
[01;32m[K                                         ^[m[K
In file included from [01m[K/opt/ros/kinetic/include/opencv-3.3.1-dev/opencv2/videostab/global_motion.hpp:47:0[m[K,
                 from [01m[K/opt/ros/kinetic/include/opencv-3.3.1-dev/opencv2/videostab/stabilizer.hpp:50[m[K,
                 from [01m[K/opt/ros/kinetic/include/opencv-3.3.1-dev/opencv2/videostab.hpp:78[m[K,
                 from [01m[K/opt/ros/kinetic/include/opencv-3.3.1-dev/opencv2/opencv.hpp:98[m[K,
                 from [01m[K/home/davencyw/catkinws/dynvinsmono/src/VINS-Mono/vins_estimator/src/dynenv/../parameters.h:7[m[K,
                 from [01m[K/home/davencyw/catkinws/dynvinsmono/src/VINS-Mono/vins_estimator/src/dynenv/../feature_manager.h:16[m[K,
                 from [01m[K/home/davencyw/catkinws/dynvinsmono/src/VINS-Mono/vins_estimator/src/dynenv/cluster.h:4[m[K,
                 from [01m[K/home/davencyw/catkinws/dynvinsmono/src/VINS-Mono/vins_estimator/src/dynenv/cluster.cc:1[m[K:
[01m[K/usr/include/c++/5/fstream:1052:5:[m[K [01;36m[Knote: [m[Kcandidate: template<class _CharT, class _Traits> void std::swap(std::basic_filebuf<_CharT, _Traits>&, std::basic_filebuf<_CharT, _Traits>&)
     swap(basic_filebuf<_CharT, _Traits>& __x,
[01;32m[K     ^[m[K
[01m[K/usr/include/c++/5/fstream:1052:5:[m[K [01;36m[Knote: [m[K  template argument deduction/substitution failed:
[01m[K/home/davencyw/catkinws/dynvinsmono/src/VINS-Mono/vins_estimator/src/dynenv/cluster.cc:266:41:[m[K [01;36m[Knote: [m[K  mismatched types â€˜[01m[Kstd::basic_filebuf<_CharT, _Traits>[m[Kâ€™ and â€˜[01m[Kint[m[Kâ€™
       std::swap(candidate_j, candidate_i);
[01;32m[K                                         ^[m[K
In file included from [01m[K/opt/ros/kinetic/include/opencv-3.3.1-dev/opencv2/videostab/global_motion.hpp:47:0[m[K,
                 from [01m[K/opt/ros/kinetic/include/opencv-3.3.1-dev/opencv2/videostab/stabilizer.hpp:50[m[K,
                 from [01m[K/opt/ros/kinetic/include/opencv-3.3.1-dev/opencv2/videostab.hpp:78[m[K,
                 from [01m[K/opt/ros/kinetic/include/opencv-3.3.1-dev/opencv2/opencv.hpp:98[m[K,
                 from [01m[K/home/davencyw/catkinws/dynvinsmono/src/VINS-Mono/vins_estimator/src/dynenv/../parameters.h:7[m[K,
                 from [01m[K/home/davencyw/catkinws/dynvinsmono/src/VINS-Mono/vins_estimator/src/dynenv/../feature_manager.h:16[m[K,
                 from [01m[K/home/davencyw/catkinws/dynvinsmono/src/VINS-Mono/vins_estimator/src/dynenv/cluster.h:4[m[K,
                 from [01m[K/home/davencyw/catkinws/dynvinsmono/src/VINS-Mono/vins_estimator/src/dynenv/cluster.cc:1[m[K:
[01m[K/usr/include/c++/5/fstream:1059:5:[m[K [01;36m[Knote: [m[Kcandidate: template<class _CharT, class _Traits> void std::swap(std::basic_ifstream<_CharT, _Traits>&, std::basic_ifstream<_CharT, _Traits>&)
     swap(basic_ifstream<_CharT, _Traits>& __x,
[01;32m[K     ^[m[K
[01m[K/usr/include/c++/5/fstream:1059:5:[m[K [01;36m[Knote: [m[K  template argument deduction/substitution failed:
[01m[K/home/davencyw/catkinws/dynvinsmono/src/VINS-Mono/vins_estimator/src/dynenv/cluster.cc:266:41:[m[K [01;36m[Knote: [m[K  mismatched types â€˜[01m[Kstd::basic_ifstream<_CharT, _Traits>[m[Kâ€™ and â€˜[01m[Kint[m[Kâ€™
       std::swap(candidate_j, candidate_i);
[01;32m[K                                         ^[m[K
In file included from [01m[K/opt/ros/kinetic/include/opencv-3.3.1-dev/opencv2/videostab/global_motion.hpp:47:0[m[K,
                 from [01m[K/opt/ros/kinetic/include/opencv-3.3.1-dev/opencv2/videostab/stabilizer.hpp:50[m[K,
                 from [01m[K/opt/ros/kinetic/include/opencv-3.3.1-dev/opencv2/videostab.hpp:78[m[K,
                 from [01m[K/opt/ros/kinetic/include/opencv-3.3.1-dev/opencv2/opencv.hpp:98[m[K,
                 from [01m[K/home/davencyw/catkinws/dynvinsmono/src/VINS-Mono/vins_estimator/src/dynenv/../parameters.h:7[m[K,
                 from [01m[K/home/davencyw/catkinws/dynvinsmono/src/VINS-Mono/vins_estimator/src/dynenv/../feature_manager.h:16[m[K,
                 from [01m[K/home/davencyw/catkinws/dynvinsmono/src/VINS-Mono/vins_estimator/src/dynenv/cluster.h:4[m[K,
                 from [01m[K/home/davencyw/catkinws/dynvinsmono/src/VINS-Mono/vins_estimator/src/dynenv/cluster.cc:1[m[K:
[01m[K/usr/include/c++/5/fstream:1066:5:[m[K [01;36m[Knote: [m[Kcandidate: template<class _CharT, class _Traits> void std::swap(std::basic_ofstream<_CharT, _Traits>&, std::basic_ofstream<_CharT, _Traits>&)
     swap(basic_ofstream<_CharT, _Traits>& __x,
[01;32m[K     ^[m[K
[01m[K/usr/include/c++/5/fstream:1066:5:[m[K [01;36m[Knote: [m[K  template argument deduction/substitution failed:
[01m[K/home/davencyw/catkinws/dynvinsmono/src/VINS-Mono/vins_estimator/src/dynenv/cluster.cc:266:41:[m[K [01;36m[Knote: [m[K  mismatched types â€˜[01m[Kstd::basic_ofstream<_CharT, _Traits>[m[Kâ€™ and â€˜[01m[Kint[m[Kâ€™
       std::swap(candidate_j, candidate_i);
[01;32m[K                                         ^[m[K
In file included from [01m[K/opt/ros/kinetic/include/opencv-3.3.1-dev/opencv2/videostab/global_motion.hpp:47:0[m[K,
                 from [01m[K/opt/ros/kinetic/include/opencv-3.3.1-dev/opencv2/videostab/stabilizer.hpp:50[m[K,
                 from [01m[K/opt/ros/kinetic/include/opencv-3.3.1-dev/opencv2/videostab.hpp:78[m[K,
                 from [01m[K/opt/ros/kinetic/include/opencv-3.3.1-dev/opencv2/opencv.hpp:98[m[K,
                 from [01m[K/home/davencyw/catkinws/dynvinsmono/src/VINS-Mono/vins_estimator/src/dynenv/../parameters.h:7[m[K,
                 from [01m[K/home/davencyw/catkinws/dynvinsmono/src/VINS-Mono/vins_estimator/src/dynenv/../feature_manager.h:16[m[K,
                 from [01m[K/home/davencyw/catkinws/dynvinsmono/src/VINS-Mono/vins_estimator/src/dynenv/cluster.h:4[m[K,
                 from [01m[K/home/davencyw/catkinws/dynvinsmono/src/VINS-Mono/vins_estimator/src/dynenv/cluster.cc:1[m[K:
[01m[K/usr/include/c++/5/fstream:1073:5:[m[K [01;36m[Knote: [m[Kcandidate: template<class _CharT, class _Traits> void std::swap(std::basic_fstream<_CharT, _Traits>&, std::basic_fstream<_CharT, _Traits>&)
     swap(basic_fstream<_CharT, _Traits>& __x,
[01;32m[K     ^[m[K
[01m[K/usr/include/c++/5/fstream:1073:5:[m[K [01;36m[Knote: [m[K  template argument deduction/substitution failed:
[01m[K/home/davencyw/catkinws/dynvinsmono/src/VINS-Mono/vins_estimator/src/dynenv/cluster.cc:266:41:[m[K [01;36m[Knote: [m[K  mismatched types â€˜[01m[Kstd::basic_fstream<_CharT, _Traits>[m[Kâ€™ and â€˜[01m[Kint[m[Kâ€™
       std::swap(candidate_j, candidate_i);
[01;32m[K                                         ^[m[K
In file included from [01m[K/usr/include/c++/5/complex:45:0[m[K,
                 from [01m[K/usr/include/eigen3/Eigen/Core:70[m[K,
                 from [01m[K/usr/include/eigen3/Eigen/Dense:1[m[K,
                 from [01m[K/home/davencyw/catkinws/dynvinsmono/src/VINS-Mono/vins_estimator/src/dynenv/../feature_manager.h:10[m[K,
                 from [01m[K/home/davencyw/catkinws/dynvinsmono/src/VINS-Mono/vins_estimator/src/dynenv/cluster.h:4[m[K,
                 from [01m[K/home/davencyw/catkinws/dynvinsmono/src/VINS-Mono/vins_estimator/src/dynenv/cluster.cc:1[m[K:
[01m[K/usr/include/c++/5/sstream:804:5:[m[K [01;36m[Knote: [m[Kcandidate: template<class _CharT, class _Traits, class _Allocator> void std::__cxx11::swap(std::__cxx11::basic_stringstream<_CharT, _Traits, _Allocator>&, std::__cxx11::basic_stringstream<_CharT, _Traits, _Allocator>&)
     swap(basic_stringstream<_CharT, _Traits, _Allocator>& __x,
[01;32m[K     ^[m[K
[01m[K/usr/include/c++/5/sstream:804:5:[m[K [01;36m[Knote: [m[K  template argument deduction/substitution failed:
[01m[K/home/davencyw/catkinws/dynvinsmono/src/VINS-Mono/vins_estimator/src/dynenv/cluster.cc:266:41:[m[K [01;36m[Knote: [m[K  mismatched types â€˜[01m[Kstd::__cxx11::basic_stringstream<_CharT, _Traits, _Allocator>[m[Kâ€™ and â€˜[01m[Kint[m[Kâ€™
       std::swap(candidate_j, candidate_i);
[01;32m[K                                         ^[m[K
In file included from [01m[K/usr/include/c++/5/complex:45:0[m[K,
                 from [01m[K/usr/include/eigen3/Eigen/Core:70[m[K,
                 from [01m[K/usr/include/eigen3/Eigen/Dense:1[m[K,
                 from [01m[K/home/davencyw/catkinws/dynvinsmono/src/VINS-Mono/vins_estimator/src/dynenv/../feature_manager.h:10[m[K,
                 from [01m[K/home/davencyw/catkinws/dynvinsmono/src/VINS-Mono/vins_estimator/src/dynenv/cluster.h:4[m[K,
                 from [01m[K/home/davencyw/catkinws/dynvinsmono/src/VINS-Mono/vins_estimator/src/dynenv/cluster.cc:1[m[K:
[01m[K/usr/include/c++/5/sstream:797:5:[m[K [01;36m[Knote: [m[Kcandidate: template<class _CharT, class _Traits, class _Allocator> void std::__cxx11::swap(std::__cxx11::basic_ostringstream<_CharT, _Traits, _Allocator>&, std::__cxx11::basic_ostringstream<_CharT, _Traits, _Allocator>&)
     swap(basic_ostringstream<_CharT, _Traits, _Allocator>& __x,
[01;32m[K     ^[m[K
[01m[K/usr/include/c++/5/sstream:797:5:[m[K [01;36m[Knote: [m[K  template argument deduction/substitution failed:
[01m[K/home/davencyw/catkinws/dynvinsmono/src/VINS-Mono/vins_estimator/src/dynenv/cluster.cc:266:41:[m[K [01;36m[Knote: [m[K  mismatched types â€˜[01m[Kstd::__cxx11::basic_ostringstream<_CharT, _Traits, _Allocator>[m[Kâ€™ and â€˜[01m[Kint[m[Kâ€™
       std::swap(candidate_j, candidate_i);
[01;32m[K                                         ^[m[K
In file included from [01m[K/usr/include/c++/5/complex:45:0[m[K,
                 from [01m[K/usr/include/eigen3/Eigen/Core:70[m[K,
                 from [01m[K/usr/include/eigen3/Eigen/Dense:1[m[K,
                 from [01m[K/home/davencyw/catkinws/dynvinsmono/src/VINS-Mono/vins_estimator/src/dynenv/../feature_manager.h:10[m[K,
                 from [01m[K/home/davencyw/catkinws/dynvinsmono/src/VINS-Mono/vins_estimator/src/dynenv/cluster.h:4[m[K,
                 from [01m[K/home/davencyw/catkinws/dynvinsmono/src/VINS-Mono/vins_estimator/src/dynenv/cluster.cc:1[m[K:
[01m[K/usr/include/c++/5/sstream:790:5:[m[K [01;36m[Knote: [m[Kcandidate: template<class _CharT, class _Traits, class _Allocator> void std::__cxx11::swap(std::__cxx11::basic_istringstream<_CharT, _Traits, _Allocator>&, std::__cxx11::basic_istringstream<_CharT, _Traits, _Allocator>&)
     swap(basic_istringstream<_CharT, _Traits, _Allocator>& __x,
[01;32m[K     ^[m[K
[01m[K/usr/include/c++/5/sstream:790:5:[m[K [01;36m[Knote: [m[K  template argument deduction/substitution failed:
[01m[K/home/davencyw/catkinws/dynvinsmono/src/VINS-Mono/vins_estimator/src/dynenv/cluster.cc:266:41:[m[K [01;36m[Knote: [m[K  mismatched types â€˜[01m[Kstd::__cxx11::basic_istringstream<_CharT, _Traits, _Allocator>[m[Kâ€™ and â€˜[01m[Kint[m[Kâ€™
       std::swap(candidate_j, candidate_i);
[01;32m[K                                         ^[m[K
In file included from [01m[K/usr/include/c++/5/complex:45:0[m[K,
                 from [01m[K/usr/include/eigen3/Eigen/Core:70[m[K,
                 from [01m[K/usr/include/eigen3/Eigen/Dense:1[m[K,
                 from [01m[K/home/davencyw/catkinws/dynvinsmono/src/VINS-Mono/vins_estimator/src/dynenv/../feature_manager.h:10[m[K,
                 from [01m[K/home/davencyw/catkinws/dynvinsmono/src/VINS-Mono/vins_estimator/src/dynenv/cluster.h:4[m[K,
                 from [01m[K/home/davencyw/catkinws/dynvinsmono/src/VINS-Mono/vins_estimator/src/dynenv/cluster.cc:1[m[K:
[01m[K/usr/include/c++/5/sstream:783:5:[m[K [01;36m[Knote: [m[Kcandidate: template<class _CharT, class _Traits, class _Allocator> void std::__cxx11::swap(std::__cxx11::basic_stringbuf<_CharT, _Traits, _Alloc>&, std::__cxx11::basic_stringbuf<_CharT, _Traits, _Alloc>&)
     swap(basic_stringbuf<_CharT, _Traits, _Allocator>& __x,
[01;32m[K     ^[m[K
[01m[K/usr/include/c++/5/sstream:783:5:[m[K [01;36m[Knote: [m[K  template argument deduction/substitution failed:
[01m[K/home/davencyw/catkinws/dynvinsmono/src/VINS-Mono/vins_estimator/src/dynenv/cluster.cc:266:41:[m[K [01;36m[Knote: [m[K  mismatched types â€˜[01m[Kstd::__cxx11::basic_stringbuf<_CharT, _Traits, _Alloc>[m[Kâ€™ and â€˜[01m[Kint[m[Kâ€™
       std::swap(candidate_j, candidate_i);
[01;32m[K                                         ^[m[K
[01m[K/home/davencyw/catkinws/dynvinsmono/src/VINS-Mono/vins_estimator/src/dynenv/cluster.cc:269:24:[m[K [01;31m[Kerror: [m[Kduplicate â€˜[01m[Kconst[m[Kâ€™
     const FeaturePerId const *a;
[01;32m[K                        ^[m[K
[01m[K/home/davencyw/catkinws/dynvinsmono/src/VINS-Mono/vins_estimator/src/dynenv/cluster.cc:271:54:[m[K [01;31m[Kerror: [m[Kâ€˜[01m[KdistanceFunc[m[Kâ€™ was not declared in this scope
     if (distanceFunc(tmp_candidate_i, tmp_candidate_j) <= eps) {
[01;32m[K                                                      ^[m[K
[01m[K/home/davencyw/catkinws/dynvinsmono/src/VINS-Mono/vins_estimator/src/dynenv/cluster.cc:[m[K In member function â€˜[01m[Kvoid DbscanCluster::expandCluster(int, const std::vector<int>&, std::map<unsigned int, int>&, const std::vector<std::pair<FeaturePerId*, double> >&, int, unsigned int)[m[Kâ€™:
[01m[K/home/davencyw/catkinws/dynvinsmono/src/VINS-Mono/vins_estimator/src/dynenv/cluster.cc:288:48:[m[K [01;31m[Kerror: [m[Kâ€˜[01m[Keps[m[Kâ€™ was not declared in this scope
           regionQuery(neighbours[neighbour_i], eps, cluster_candidates);
[01;32m[K                                                ^[m[K
make[2]: *** [CMakeFiles/libdynenv.dir/src/dynenv/cluster.cc.o] Error 1
make[1]: *** [CMakeFiles/libdynenv.dir/all] Error 2
make: *** [all] Error 2
