[01m[K/home/davencyw/catkinws/dynvinsmono/src/VINS-Mono/vins_estimator/src/utility/visualization.cpp:[m[K In function â€˜[01m[Kvoid pubImageFeatureClassification(const Estimator&, const Header&)[m[Kâ€™:
[01m[K/home/davencyw/catkinws/dynvinsmono/src/VINS-Mono/vins_estimator/src/utility/visualization.cpp:431:28:[m[K [01;31m[Kerror: [m[Kâ€˜[01m[Kpoint[m[Kâ€™ was not declared in this scope
     cv::circle(img->image, [01;31m[Kpoint[m[K, 2, cv::Scalar(255 * weight, 0, 255 * weight),
                            [01;31m[K^~~~~[m[K
[01m[K/home/davencyw/catkinws/dynvinsmono/src/VINS-Mono/vins_estimator/src/utility/visualization.cpp:431:28:[m[K [01;36m[Knote: [m[Ksuggested alternative: â€˜[01m[Kuint[m[Kâ€™
     cv::circle(img->image, [01;36m[Kpoint[m[K, 2, cv::Scalar(255 * weight, 0, 255 * weight),
                            [01;36m[K^~~~~[m[K
                            [32m[Kuint[m[K
make[2]: *** [CMakeFiles/libutility.dir/src/utility/visualization.cpp.o] Error 1
make[1]: *** [CMakeFiles/libutility.dir/all] Error 2
make: *** [all] Error 2
